<?xml version="1.0" encoding="UTF-8"?>
<!-- Generated by org.testng.reporters.JUnitXMLReporter -->
<testsuite hostname="IBM416-PC0GHZYW" ignored="0" name="Sanity Test" tests="3" failures="0" timestamp="22 Nov 2017 07:23:07 GMT" time="28.298" errors="0">
  <testcase name="WebalertTest" time="8.754" classname="SeleniumTest3.WebAlert"/>
  <testcase name="ReadExcelTest" time="0.87" classname="SeleniumTest3.Readexcelcountrows"/>
  <testcase name="ScrollbarTest" time="18.639" classname="SeleniumTest3.ScrolupandDown"/>
</testsuite> <!-- Sanity Test -->
