<?xml version="1.0" encoding="UTF-8"?>
<testng-results skipped="0" failed="0" ignored="0" total="1" passed="1">
  <reporter-output>
  </reporter-output>
  <suite name="Default suite" duration-ms="13575" started-at="2017-11-27T15:40:45Z" finished-at="2017-11-27T15:40:59Z">
    <groups>
    </groups>
    <test name="Default test" duration-ms="13575" started-at="2017-11-27T15:40:45Z" finished-at="2017-11-27T15:40:59Z">
      <class name="SeleniumTest3.Day1Ssortbyname">
        <test-method status="PASS" signature="Day1Test()[pri:0, instance:SeleniumTest3.Day1Ssortbyname@1794d431]" name="Day1Test" duration-ms="13553" started-at="2017-11-27T21:10:45Z" finished-at="2017-11-27T21:10:59Z">
          <reporter-output>
          </reporter-output>
        </test-method> <!-- Day1Test -->
      </class> <!-- SeleniumTest3.Day1Ssortbyname -->
    </test> <!-- Default test -->
  </suite> <!-- Default suite -->
</testng-results>
